------------------------------------------------------------------------------
                           GCC Code Coverage Report
Directory: .
------------------------------------------------------------------------------
File                                       Lines    Exec  Cover   Missing
------------------------------------------------------------------------------
app/tests/src/test_battery_service.c          14      14   100%
app/tests/src/test_ess_service.c              14      14   100%
app/tests/src/test_main_simple.c              40      40   100%
app/tests/src/test_mock_framework.c          103     103   100%
app/tests/src/test_sensor_manager.c          102     102   100%
------------------------------------------------------------------------------
TOTAL                                        273     273   100%
------------------------------------------------------------------------------
